<?xml version="1.0" encoding="UTF-8"?>
<!-- Generated by org.testng.reporters.JUnitXMLReporter -->
<testsuite ignored="0" hostname="Anuj" failures="4" tests="4" name="Test" time="198.424" errors="0" timestamp="2023-06-16T12:02:37 IST">
  <testcase classname="TestCaseClasses.DashboardDetailsTest" name="artistDetails" time="7.557">
    <failure type="java.lang.AssertionError" message="expected:&amp;lt;9&amp;gt; but was:&amp;lt;6&amp;gt;">
      <![CDATA[java.lang.AssertionError: expected:<9> but was:<6>
at org.junit.Assert.fail(Assert.java:88)
at org.junit.Assert.failNotEquals(Assert.java:743)
at org.junit.Assert.assertEquals(Assert.java:118)
at org.junit.Assert.assertEquals(Assert.java:555)
at org.junit.Assert.assertEquals(Assert.java:542)
at TestCaseClasses.DashboardDetailsTest.artistDetails(DashboardDetailsTest.java:40)
at java.base/java.util.ArrayList.forEach(ArrayList.java:1510)
... Removed 32 stack frames]]>
    </failure>
  </testcase> <!-- artistDetails -->
  <testcase classname="TestCaseClasses.DashboardDetailsTest" name="artTypeDetails" time="1.493">
    <failure type="java.lang.AssertionError" message="expected:&amp;lt;9&amp;gt; but was:&amp;lt;7&amp;gt;">
      <![CDATA[java.lang.AssertionError: expected:<9> but was:<7>
at org.junit.Assert.fail(Assert.java:88)
at org.junit.Assert.failNotEquals(Assert.java:743)
at org.junit.Assert.assertEquals(Assert.java:118)
at org.junit.Assert.assertEquals(Assert.java:555)
at org.junit.Assert.assertEquals(Assert.java:542)
at TestCaseClasses.DashboardDetailsTest.artTypeDetails(DashboardDetailsTest.java:50)
at java.base/java.util.ArrayList.forEach(ArrayList.java:1510)
... Removed 32 stack frames]]>
    </failure>
  </testcase> <!-- artTypeDetails -->
  <testcase classname="TestCaseClasses.DashboardDetailsTest" name="artMediumDetails" time="1.99">
    <failure type="java.lang.AssertionError" message="expected:&amp;lt;12&amp;gt; but was:&amp;lt;11&amp;gt;">
      <![CDATA[java.lang.AssertionError: expected:<12> but was:<11>
at org.junit.Assert.fail(Assert.java:88)
at org.junit.Assert.failNotEquals(Assert.java:743)
at org.junit.Assert.assertEquals(Assert.java:118)
at org.junit.Assert.assertEquals(Assert.java:555)
at org.junit.Assert.assertEquals(Assert.java:542)
at TestCaseClasses.DashboardDetailsTest.artMediumDetails(DashboardDetailsTest.java:60)
at java.base/java.util.ArrayList.forEach(ArrayList.java:1510)
... Removed 32 stack frames]]>
    </failure>
  </testcase> <!-- artMediumDetails -->
  <testcase classname="TestCaseClasses.DashboardDetailsTest" name="artProductDetails" time="15.867">
    <failure type="java.lang.AssertionError" message="expected:&amp;lt;5&amp;gt; but was:&amp;lt;6&amp;gt;">
      <![CDATA[java.lang.AssertionError: expected:<5> but was:<6>
at org.junit.Assert.fail(Assert.java:88)
at org.junit.Assert.failNotEquals(Assert.java:743)
at org.junit.Assert.assertEquals(Assert.java:118)
at org.junit.Assert.assertEquals(Assert.java:555)
at org.junit.Assert.assertEquals(Assert.java:542)
at TestCaseClasses.DashboardDetailsTest.artProductDetails(DashboardDetailsTest.java:69)
at java.base/java.util.ArrayList.forEach(ArrayList.java:1510)
... Removed 32 stack frames]]>
    </failure>
  </testcase> <!-- artProductDetails -->
</testsuite> <!-- Test -->
